生成启动时间为 2015/7/30 10:17:49。
     1>项目“D:\Projects\Demo\Demo\Preprocess\Preprocess.vcxproj”在节点 2 上(Rebuild 个目标)。
     1>ClCompile:
         C:\Program Files (x86)\VC\bin\CL.exe /c /ZI /nologo /W3 /WX- /Od /Oy- /D WIN32 /D _DEBUG /D _CONSOLE /D _LIB /D _UNICODE /D UNICODE /Gm /EHsc /RTC1 /MDd /GS /fp:precise /Zc:wchar_t /Zc:forScope /Fo"Debug\\" /Fd"Debug\vc120.pdb" /Gd /TP /analyze- /errorReport:prompt Execute.cpp ObjModel.cpp
         ObjModel.cpp
     1>d:\program files\include\dxgitype.h(12): warning C4005: “DXGI_STATUS_OCCLUDED”: 宏重定义
                 c:\program files (x86)\windows kits\8.1\include\shared\winerror.h(50002) : 参见“DXGI_STATUS_OCCLUDED”的前一个定义
     1>d:\program files\include\dxgitype.h(13): warning C4005: “DXGI_STATUS_CLIPPED”: 宏重定义
                 c:\program files (x86)\windows kits\8.1\include\shared\winerror.h(50011) : 参见“DXGI_STATUS_CLIPPED”的前一个定义
     1>d:\program files\include\dxgitype.h(14): warning C4005: “DXGI_STATUS_NO_REDIRECTION”: 宏重定义
                 c:\program files (x86)\windows kits\8.1\include\shared\winerror.h(50020) : 参见“DXGI_STATUS_NO_REDIRECTION”的前一个定义
     1>d:\program files\include\dxgitype.h(15): warning C4005: “DXGI_STATUS_NO_DESKTOP_ACCESS”: 宏重定义
                 c:\program files (x86)\windows kits\8.1\include\shared\winerror.h(50029) : 参见“DXGI_STATUS_NO_DESKTOP_ACCESS”的前一个定义
     1>d:\program files\include\dxgitype.h(16): warning C4005: “DXGI_STATUS_GRAPHICS_VIDPN_SOURCE_IN_USE”: 宏重定义
                 c:\program files (x86)\windows kits\8.1\include\shared\winerror.h(50038) : 参见“DXGI_STATUS_GRAPHICS_VIDPN_SOURCE_IN_USE”的前一个定义
     1>d:\program files\include\dxgitype.h(17): warning C4005: “DXGI_STATUS_MODE_CHANGED”: 宏重定义
                 c:\program files (x86)\windows kits\8.1\include\shared\winerror.h(50047) : 参见“DXGI_STATUS_MODE_CHANGED”的前一个定义
     1>d:\program files\include\dxgitype.h(18): warning C4005: “DXGI_STATUS_MODE_CHANGE_IN_PROGRESS”: 宏重定义
                 c:\program files (x86)\windows kits\8.1\include\shared\winerror.h(50056) : 参见“DXGI_STATUS_MODE_CHANGE_IN_PROGRESS”的前一个定义
     1>d:\program files\include\dxgitype.h(21): warning C4005: “DXGI_ERROR_INVALID_CALL”: 宏重定义
                 c:\program files (x86)\windows kits\8.1\include\shared\winerror.h(50071) : 参见“DXGI_ERROR_INVALID_CALL”的前一个定义
     1>d:\program files\include\dxgitype.h(22): warning C4005: “DXGI_ERROR_NOT_FOUND”: 宏重定义
                 c:\program files (x86)\windows kits\8.1\include\shared\winerror.h(50080) : 参见“DXGI_ERROR_NOT_FOUND”的前一个定义
     1>d:\program files\include\dxgitype.h(23): warning C4005: “DXGI_ERROR_MORE_DATA”: 宏重定义
                 c:\program files (x86)\windows kits\8.1\include\shared\winerror.h(50089) : 参见“DXGI_ERROR_MORE_DATA”的前一个定义
     1>d:\program files\include\dxgitype.h(24): warning C4005: “DXGI_ERROR_UNSUPPORTED”: 宏重定义
                 c:\program files (x86)\windows kits\8.1\include\shared\winerror.h(50098) : 参见“DXGI_ERROR_UNSUPPORTED”的前一个定义
     1>d:\program files\include\dxgitype.h(25): warning C4005: “DXGI_ERROR_DEVICE_REMOVED”: 宏重定义
                 c:\program files (x86)\windows kits\8.1\include\shared\winerror.h(50107) : 参见“DXGI_ERROR_DEVICE_REMOVED”的前一个定义
     1>d:\program files\include\dxgitype.h(26): warning C4005: “DXGI_ERROR_DEVICE_HUNG”: 宏重定义
                 c:\program files (x86)\windows kits\8.1\include\shared\winerror.h(50116) : 参见“DXGI_ERROR_DEVICE_HUNG”的前一个定义
     1>d:\program files\include\dxgitype.h(27): warning C4005: “DXGI_ERROR_DEVICE_RESET”: 宏重定义
                 c:\program files (x86)\windows kits\8.1\include\shared\winerror.h(50126) : 参见“DXGI_ERROR_DEVICE_RESET”的前一个定义
     1>d:\program files\include\dxgitype.h(28): warning C4005: “DXGI_ERROR_WAS_STILL_DRAWING”: 宏重定义
                 c:\program files (x86)\windows kits\8.1\include\shared\winerror.h(50135) : 参见“DXGI_ERROR_WAS_STILL_DRAWING”的前一个定义
     1>d:\program files\include\dxgitype.h(29): warning C4005: “DXGI_ERROR_FRAME_STATISTICS_DISJOINT”: 宏重定义
                 c:\program files (x86)\windows kits\8.1\include\shared\winerror.h(50145) : 参见“DXGI_ERROR_FRAME_STATISTICS_DISJOINT”的前一个定义
     1>d:\program files\include\dxgitype.h(30): warning C4005: “DXGI_ERROR_GRAPHICS_VIDPN_SOURCE_IN_USE”: 宏重定义
                 c:\program files (x86)\windows kits\8.1\include\shared\winerror.h(50154) : 参见“DXGI_ERROR_GRAPHICS_VIDPN_SOURCE_IN_USE”的前一个定义
     1>d:\program files\include\dxgitype.h(31): warning C4005: “DXGI_ERROR_DRIVER_INTERNAL_ERROR”: 宏重定义
                 c:\program files (x86)\windows kits\8.1\include\shared\winerror.h(50164) : 参见“DXGI_ERROR_DRIVER_INTERNAL_ERROR”的前一个定义
     1>d:\program files\include\dxgitype.h(32): warning C4005: “DXGI_ERROR_NONEXCLUSIVE”: 宏重定义
                 c:\program files (x86)\windows kits\8.1\include\shared\winerror.h(50173) : 参见“DXGI_ERROR_NONEXCLUSIVE”的前一个定义
     1>d:\program files\include\dxgitype.h(33): warning C4005: “DXGI_ERROR_NOT_CURRENTLY_AVAILABLE”: 宏重定义
                 c:\program files (x86)\windows kits\8.1\include\shared\winerror.h(50182) : 参见“DXGI_ERROR_NOT_CURRENTLY_AVAILABLE”的前一个定义
     1>d:\program files\include\dxgitype.h(34): warning C4005: “DXGI_ERROR_REMOTE_CLIENT_DISCONNECTED”: 宏重定义
                 c:\program files (x86)\windows kits\8.1\include\shared\winerror.h(50192) : 参见“DXGI_ERROR_REMOTE_CLIENT_DISCONNECTED”的前一个定义
     1>d:\program files\include\dxgitype.h(35): warning C4005: “DXGI_ERROR_REMOTE_OUTOFMEMORY”: 宏重定义
                 c:\program files (x86)\windows kits\8.1\include\shared\winerror.h(50201) : 参见“DXGI_ERROR_REMOTE_OUTOFMEMORY”的前一个定义
     1>d:\program files\include\d3d11.h(917): warning C4005: “D3D11_ERROR_TOO_MANY_UNIQUE_STATE_OBJECTS”: 宏重定义
                 c:\program files (x86)\windows kits\8.1\include\shared\winerror.h(50379) : 参见“D3D11_ERROR_TOO_MANY_UNIQUE_STATE_OBJECTS”的前一个定义
     1>d:\program files\include\d3d11.h(918): warning C4005: “D3D11_ERROR_FILE_NOT_FOUND”: 宏重定义
                 c:\program files (x86)\windows kits\8.1\include\shared\winerror.h(50388) : 参见“D3D11_ERROR_FILE_NOT_FOUND”的前一个定义
     1>d:\program files\include\d3d11.h(919): warning C4005: “D3D11_ERROR_TOO_MANY_UNIQUE_VIEW_OBJECTS”: 宏重定义
                 c:\program files (x86)\windows kits\8.1\include\shared\winerror.h(50398) : 参见“D3D11_ERROR_TOO_MANY_UNIQUE_VIEW_OBJECTS”的前一个定义
     1>d:\program files\include\d3d11.h(920): warning C4005: “D3D11_ERROR_DEFERRED_CONTEXT_MAP_WITHOUT_INITIAL_DISCARD”: 宏重定义
                 c:\program files (x86)\windows kits\8.1\include\shared\winerror.h(50407) : 参见“D3D11_ERROR_DEFERRED_CONTEXT_MAP_WITHOUT_INITIAL_DISCARD”的前一个定义
     1>d:\program files\include\d3d10.h(608): warning C4005: “D3D10_ERROR_TOO_MANY_UNIQUE_STATE_OBJECTS”: 宏重定义
                 c:\program files (x86)\windows kits\8.1\include\shared\winerror.h(50355) : 参见“D3D10_ERROR_TOO_MANY_UNIQUE_STATE_OBJECTS”的前一个定义
     1>d:\program files\include\d3d10.h(609): warning C4005: “D3D10_ERROR_FILE_NOT_FOUND”: 宏重定义
                 c:\program files (x86)\windows kits\8.1\include\shared\winerror.h(50364) : 参见“D3D10_ERROR_FILE_NOT_FOUND”的前一个定义
     1>d:\projects\demo\demo\preprocess\objmodel.cpp(120): warning C4018: “<”: 有符号/无符号不匹配
     1>d:\projects\demo\demo\preprocess\objmodel.cpp(202): warning C4018: “<”: 有符号/无符号不匹配
     1>d:\projects\demo\demo\preprocess\objmodel.cpp(354): warning C4244: “参数”: 从“int”转换到“FLOAT”，可能丢失数据
     1>d:\projects\demo\demo\preprocess\objmodel.cpp(460): warning C4244: “参数”: 从“int”转换到“FLOAT”，可能丢失数据
     1>d:\projects\demo\demo\preprocess\objmodel.cpp(494): warning C4996: 'fopen': This function or variable may be unsafe. Consider using fopen_s instead. To disable deprecation, use _CRT_SECURE_NO_WARNINGS. See online help for details.
                 c:\program files (x86)\vc\include\stdio.h(211) : 参见“fopen”的声明
         Execute.cpp
     1>d:\program files\include\dxgitype.h(12): warning C4005: “DXGI_STATUS_OCCLUDED”: 宏重定义
                 c:\program files (x86)\windows kits\8.1\include\shared\winerror.h(50002) : 参见“DXGI_STATUS_OCCLUDED”的前一个定义
     1>d:\program files\include\dxgitype.h(13): warning C4005: “DXGI_STATUS_CLIPPED”: 宏重定义
                 c:\program files (x86)\windows kits\8.1\include\shared\winerror.h(50011) : 参见“DXGI_STATUS_CLIPPED”的前一个定义
     1>d:\program files\include\dxgitype.h(14): warning C4005: “DXGI_STATUS_NO_REDIRECTION”: 宏重定义
                 c:\program files (x86)\windows kits\8.1\include\shared\winerror.h(50020) : 参见“DXGI_STATUS_NO_REDIRECTION”的前一个定义
     1>d:\program files\include\dxgitype.h(15): warning C4005: “DXGI_STATUS_NO_DESKTOP_ACCESS”: 宏重定义
                 c:\program files (x86)\windows kits\8.1\include\shared\winerror.h(50029) : 参见“DXGI_STATUS_NO_DESKTOP_ACCESS”的前一个定义
     1>d:\program files\include\dxgitype.h(16): warning C4005: “DXGI_STATUS_GRAPHICS_VIDPN_SOURCE_IN_USE”: 宏重定义
                 c:\program files (x86)\windows kits\8.1\include\shared\winerror.h(50038) : 参见“DXGI_STATUS_GRAPHICS_VIDPN_SOURCE_IN_USE”的前一个定义
     1>d:\program files\include\dxgitype.h(17): warning C4005: “DXGI_STATUS_MODE_CHANGED”: 宏重定义
                 c:\program files (x86)\windows kits\8.1\include\shared\winerror.h(50047) : 参见“DXGI_STATUS_MODE_CHANGED”的前一个定义
     1>d:\program files\include\dxgitype.h(18): warning C4005: “DXGI_STATUS_MODE_CHANGE_IN_PROGRESS”: 宏重定义
                 c:\program files (x86)\windows kits\8.1\include\shared\winerror.h(50056) : 参见“DXGI_STATUS_MODE_CHANGE_IN_PROGRESS”的前一个定义
     1>d:\program files\include\dxgitype.h(21): warning C4005: “DXGI_ERROR_INVALID_CALL”: 宏重定义
                 c:\program files (x86)\windows kits\8.1\include\shared\winerror.h(50071) : 参见“DXGI_ERROR_INVALID_CALL”的前一个定义
     1>d:\program files\include\dxgitype.h(22): warning C4005: “DXGI_ERROR_NOT_FOUND”: 宏重定义
                 c:\program files (x86)\windows kits\8.1\include\shared\winerror.h(50080) : 参见“DXGI_ERROR_NOT_FOUND”的前一个定义
     1>d:\program files\include\dxgitype.h(23): warning C4005: “DXGI_ERROR_MORE_DATA”: 宏重定义
                 c:\program files (x86)\windows kits\8.1\include\shared\winerror.h(50089) : 参见“DXGI_ERROR_MORE_DATA”的前一个定义
     1>d:\program files\include\dxgitype.h(24): warning C4005: “DXGI_ERROR_UNSUPPORTED”: 宏重定义
                 c:\program files (x86)\windows kits\8.1\include\shared\winerror.h(50098) : 参见“DXGI_ERROR_UNSUPPORTED”的前一个定义
     1>d:\program files\include\dxgitype.h(25): warning C4005: “DXGI_ERROR_DEVICE_REMOVED”: 宏重定义
                 c:\program files (x86)\windows kits\8.1\include\shared\winerror.h(50107) : 参见“DXGI_ERROR_DEVICE_REMOVED”的前一个定义
     1>d:\program files\include\dxgitype.h(26): warning C4005: “DXGI_ERROR_DEVICE_HUNG”: 宏重定义
                 c:\program files (x86)\windows kits\8.1\include\shared\winerror.h(50116) : 参见“DXGI_ERROR_DEVICE_HUNG”的前一个定义
     1>d:\program files\include\dxgitype.h(27): warning C4005: “DXGI_ERROR_DEVICE_RESET”: 宏重定义
                 c:\program files (x86)\windows kits\8.1\include\shared\winerror.h(50126) : 参见“DXGI_ERROR_DEVICE_RESET”的前一个定义
     1>d:\program files\include\dxgitype.h(28): warning C4005: “DXGI_ERROR_WAS_STILL_DRAWING”: 宏重定义
                 c:\program files (x86)\windows kits\8.1\include\shared\winerror.h(50135) : 参见“DXGI_ERROR_WAS_STILL_DRAWING”的前一个定义
     1>d:\program files\include\dxgitype.h(29): warning C4005: “DXGI_ERROR_FRAME_STATISTICS_DISJOINT”: 宏重定义
                 c:\program files (x86)\windows kits\8.1\include\shared\winerror.h(50145) : 参见“DXGI_ERROR_FRAME_STATISTICS_DISJOINT”的前一个定义
     1>d:\program files\include\dxgitype.h(30): warning C4005: “DXGI_ERROR_GRAPHICS_VIDPN_SOURCE_IN_USE”: 宏重定义
                 c:\program files (x86)\windows kits\8.1\include\shared\winerror.h(50154) : 参见“DXGI_ERROR_GRAPHICS_VIDPN_SOURCE_IN_USE”的前一个定义
     1>d:\program files\include\dxgitype.h(31): warning C4005: “DXGI_ERROR_DRIVER_INTERNAL_ERROR”: 宏重定义
                 c:\program files (x86)\windows kits\8.1\include\shared\winerror.h(50164) : 参见“DXGI_ERROR_DRIVER_INTERNAL_ERROR”的前一个定义
     1>d:\program files\include\dxgitype.h(32): warning C4005: “DXGI_ERROR_NONEXCLUSIVE”: 宏重定义
                 c:\program files (x86)\windows kits\8.1\include\shared\winerror.h(50173) : 参见“DXGI_ERROR_NONEXCLUSIVE”的前一个定义
     1>d:\program files\include\dxgitype.h(33): warning C4005: “DXGI_ERROR_NOT_CURRENTLY_AVAILABLE”: 宏重定义
                 c:\program files (x86)\windows kits\8.1\include\shared\winerror.h(50182) : 参见“DXGI_ERROR_NOT_CURRENTLY_AVAILABLE”的前一个定义
     1>d:\program files\include\dxgitype.h(34): warning C4005: “DXGI_ERROR_REMOTE_CLIENT_DISCONNECTED”: 宏重定义
                 c:\program files (x86)\windows kits\8.1\include\shared\winerror.h(50192) : 参见“DXGI_ERROR_REMOTE_CLIENT_DISCONNECTED”的前一个定义
     1>d:\program files\include\dxgitype.h(35): warning C4005: “DXGI_ERROR_REMOTE_OUTOFMEMORY”: 宏重定义
                 c:\program files (x86)\windows kits\8.1\include\shared\winerror.h(50201) : 参见“DXGI_ERROR_REMOTE_OUTOFMEMORY”的前一个定义
     1>d:\program files\include\d3d11.h(917): warning C4005: “D3D11_ERROR_TOO_MANY_UNIQUE_STATE_OBJECTS”: 宏重定义
                 c:\program files (x86)\windows kits\8.1\include\shared\winerror.h(50379) : 参见“D3D11_ERROR_TOO_MANY_UNIQUE_STATE_OBJECTS”的前一个定义
     1>d:\program files\include\d3d11.h(918): warning C4005: “D3D11_ERROR_FILE_NOT_FOUND”: 宏重定义
                 c:\program files (x86)\windows kits\8.1\include\shared\winerror.h(50388) : 参见“D3D11_ERROR_FILE_NOT_FOUND”的前一个定义
     1>d:\program files\include\d3d11.h(919): warning C4005: “D3D11_ERROR_TOO_MANY_UNIQUE_VIEW_OBJECTS”: 宏重定义
                 c:\program files (x86)\windows kits\8.1\include\shared\winerror.h(50398) : 参见“D3D11_ERROR_TOO_MANY_UNIQUE_VIEW_OBJECTS”的前一个定义
     1>d:\program files\include\d3d11.h(920): warning C4005: “D3D11_ERROR_DEFERRED_CONTEXT_MAP_WITHOUT_INITIAL_DISCARD”: 宏重定义
                 c:\program files (x86)\windows kits\8.1\include\shared\winerror.h(50407) : 参见“D3D11_ERROR_DEFERRED_CONTEXT_MAP_WITHOUT_INITIAL_DISCARD”的前一个定义
     1>d:\program files\include\d3d10.h(608): warning C4005: “D3D10_ERROR_TOO_MANY_UNIQUE_STATE_OBJECTS”: 宏重定义
                 c:\program files (x86)\windows kits\8.1\include\shared\winerror.h(50355) : 参见“D3D10_ERROR_TOO_MANY_UNIQUE_STATE_OBJECTS”的前一个定义
     1>d:\program files\include\d3d10.h(609): warning C4005: “D3D10_ERROR_FILE_NOT_FOUND”: 宏重定义
                 c:\program files (x86)\windows kits\8.1\include\shared\winerror.h(50364) : 参见“D3D10_ERROR_FILE_NOT_FOUND”的前一个定义
         正在生成代码...
       Link:
         C:\Program Files (x86)\VC\bin\link.exe /ERRORREPORT:PROMPT /OUT:"D:\Projects\Demo\Demo\Skin\Debug\ConvertObj.exe" /INCREMENTAL /NOLOGO kernel32.lib user32.lib gdi32.lib winspool.lib comdlg32.lib advapi32.lib shell32.lib ole32.lib oleaut32.lib uuid.lib odbc32.lib odbccp32.lib /MANIFEST /MANIFESTUAC:"level='asInvoker' uiAccess='false'" /manifest:embed /DEBUG /PDB:"D:\Projects\Demo\Demo\Skin\Debug\ConvertObj.pdb" /SUBSYSTEM:CONSOLE /TLBID:1 /DYNAMICBASE /NXCOMPAT /IMPLIB:"D:\Projects\Demo\Demo\Skin\Debug\ConvertObj.lib" /MACHINE:X86 Debug\Execute.obj
         Debug\ObjModel.obj
         Preprocess.vcxproj -> D:\Projects\Demo\Demo\Skin\Debug\ConvertObj.exe
       PostBuildEvent:
         copy D:\Projects\Demo\Demo\Skin\Debug\ConvertObj.exe ..\Resources\ConvertObj.exe
         :VCEnd
         已复制         1 个文件。
     1>已完成生成项目“D:\Projects\Demo\Demo\Preprocess\Preprocess.vcxproj”(Rebuild 个目标)的操作。

生成成功。

已用时间 00:00:02.41
