d:\projects\demo\demo\skin\debug\vc120.pdb
d:\projects\demo\demo\skin\debug\vc120.idb
d:\projects\demo\demo\skin\debug\d3dutil.obj
d:\projects\demo\demo\skin\debug\demoapp.obj
d:\projects\demo\demo\skin\debug\demobase.obj
d:\projects\demo\demo\skin\debug\entry.obj
d:\projects\demo\demo\skin\debug\gametimer.obj
d:\projects\demo\demo\skin\debug\mathutility.obj
d:\projects\demo\demo\skin\debug\renderstates.obj
d:\projects\demo\demo\skin\debug\vertex.obj
d:\projects\demo\demo\skin\debug\demoshader.cso
d:\projects\demo\demo\debug\demoshader.cso
d:\projects\demo\demo\skin\debug\demo.ilk
d:\projects\demo\demo\skin\debug\demo.exe
d:\projects\demo\demo\skin\debug\demo.pdb
d:\projects\demo\demo\debug\demo.ilk
d:\projects\demo\demo\debug\demo.exe
d:\projects\demo\demo\debug\demo.pdb
d:\projects\demo\demo\skin\debug\convertobj.ilk
d:\projects\demo\demo\skin\debug\convertobj.pdb
d:\projects\demo\demo\skin\debug\demo.tlog\cl.command.1.tlog
d:\projects\demo\demo\skin\debug\demo.tlog\cl.read.1.tlog
d:\projects\demo\demo\skin\debug\demo.tlog\cl.write.1.tlog
d:\projects\demo\demo\skin\debug\demo.tlog\demo.write.1u.tlog
d:\projects\demo\demo\skin\debug\demo.tlog\link.command.1.tlog
d:\projects\demo\demo\skin\debug\demo.tlog\link.read.1.tlog
d:\projects\demo\demo\skin\debug\demo.tlog\link.write.1.tlog
